2016-12-16 15:40:23,721 [Worker-16] INFO  o.e.m.c.i.p.ProjectConfigurationManager - Collecting project info '/pom.xml' D:\DockerSamples\sample\pom.xml
2016-12-16 15:40:25,230 [Worker-16] INFO  o.e.m.c.i.l.LifecycleMappingFactory - Using org.eclipse.m2e.jdt.JarLifecycleMapping lifecycle mapping for MavenProject: com.accenture:sample:0.0.1-SNAPSHOT @ D:\DockerSamples\sample\pom.xml.
2016-12-16 15:40:26,192 [Worker-16] INFO  o.e.m.j.i.AbstractJavaProjectConfigurator - Adding source folder /sample/src/main/java
2016-12-16 15:40:26,197 [Worker-16] INFO  o.e.m.j.i.AbstractJavaProjectConfigurator - Adding source folder /sample/src/test/java
2016-12-16 15:40:26,632 [Worker-16] INFO  o.e.m.c.i.p.ProjectConfigurationManager - Imported and configured 1 project(s) in 2 sec
2016-12-16 15:40:27,130 [Worker-4] INFO  o.e.m.c.i.embedder.EclipseLogger - Using 'UTF-8' encoding to copy filtered resources.
2016-12-16 15:40:27,131 [Worker-4] INFO  o.e.m.c.i.embedder.EclipseLogger - skip non existing resourceDirectory D:\DockerSamples\sample\src\main\resources
2016-12-16 15:40:27,132 [Worker-4] INFO  o.e.m.c.i.embedder.EclipseLogger - Using 'UTF-8' encoding to copy filtered resources.
2016-12-16 15:40:27,133 [Worker-4] INFO  o.e.m.c.i.embedder.EclipseLogger - skip non existing resourceDirectory D:\DockerSamples\sample\src\test\resources
2016-12-16 15:41:25,989 [main] INFO  o.e.m2e.actions.ExecutePomAction - Creating new launch configuration
2016-12-16 15:41:50,731 [Worker-4] INFO  o.e.m.i.launch.MavenLaunchDelegate - D:\DockerSamples\sample
2016-12-16 15:41:50,732 [Worker-4] INFO  o.e.m.i.launch.MavenLaunchDelegate -  mvn  -B clean verify
2016-12-16 15:42:21,016 [main] INFO  o.e.m2e.actions.ExecutePomAction - Using existing launch configuration
2016-12-16 15:42:21,118 [Worker-8] INFO  o.e.m.i.launch.MavenLaunchDelegate - D:\DockerSamples\sample
2016-12-16 15:42:21,118 [Worker-8] INFO  o.e.m.i.launch.MavenLaunchDelegate -  mvn  -B clean verify
2016-12-16 15:42:29,298 [Worker-3] INFO  o.e.m.c.i.e.AbstractTransferListenerAdapter - Downloading https://repo.maven.apache.org/maven2/io/takari/m2e/workspace/org.eclipse.m2e.workspace.cli/0.3.1/org.eclipse.m2e.workspace.cli-0.3.1-sources.jar
2016-12-16 15:42:29,648 [Worker-3] INFO  o.e.m.c.i.e.AbstractTransferListenerAdapter - Downloaded https://repo.maven.apache.org/maven2/io/takari/m2e/workspace/org.eclipse.m2e.workspace.cli/0.3.1/org.eclipse.m2e.workspace.cli-0.3.1-sources.jar
2016-12-16 15:42:29,961 [Worker-3] INFO  o.e.m.c.i.e.AbstractTransferListenerAdapter - Downloading https://repo.maven.apache.org/maven2/org/codehaus/plexus/plexus-classworlds/2.5.2/plexus-classworlds-2.5.2-sources.jar
2016-12-16 15:42:30,644 [Worker-3] INFO  o.e.m.c.i.e.AbstractTransferListenerAdapter - Downloaded https://repo.maven.apache.org/maven2/org/codehaus/plexus/plexus-classworlds/2.5.2/plexus-classworlds-2.5.2-sources.jar
2016-12-16 15:42:31,048 [Worker-3] INFO  o.e.m.c.i.e.AbstractTransferListenerAdapter - Downloading https://repo.maven.apache.org/maven2/io/takari/aether/takari-local-repository/0.9.0/takari-local-repository-0.9.0-sources.jar
2016-12-16 15:42:31,361 [Worker-3] INFO  o.e.m.c.i.e.AbstractTransferListenerAdapter - Downloaded https://repo.maven.apache.org/maven2/io/takari/aether/takari-local-repository/0.9.0/takari-local-repository-0.9.0-sources.jar
2016-12-16 15:42:31,694 [Worker-3] INFO  o.e.m.c.i.e.AbstractTransferListenerAdapter - Downloading https://repo.maven.apache.org/maven2/io/takari/takari-filemanager/0.7.0/takari-filemanager-0.7.0-sources.jar
2016-12-16 15:42:31,955 [Worker-3] INFO  o.e.m.c.i.e.AbstractTransferListenerAdapter - Downloaded https://repo.maven.apache.org/maven2/io/takari/takari-filemanager/0.7.0/takari-filemanager-0.7.0-sources.jar
2016-12-16 15:42:32,246 [Worker-3] INFO  o.e.m.c.i.e.AbstractTransferListenerAdapter - Downloading https://repo.maven.apache.org/maven2/org/apache/maven/maven-core/3.3.3/maven-core-3.3.3-sources.jar
2016-12-16 15:42:34,129 [Worker-3] INFO  o.e.m.c.i.e.AbstractTransferListenerAdapter - Downloaded https://repo.maven.apache.org/maven2/org/apache/maven/maven-core/3.3.3/maven-core-3.3.3-sources.jar
2016-12-16 15:42:34,437 [Worker-3] INFO  o.e.m.c.i.e.AbstractTransferListenerAdapter - Downloading https://repo.maven.apache.org/maven2/org/apache/maven/maven-model/3.3.3/maven-model-3.3.3-sources.jar
2016-12-16 15:42:34,895 [Worker-3] INFO  o.e.m.c.i.e.AbstractTransferListenerAdapter - Downloaded https://repo.maven.apache.org/maven2/org/apache/maven/maven-model/3.3.3/maven-model-3.3.3-sources.jar
2016-12-16 15:42:35,233 [Worker-3] INFO  o.e.m.c.i.e.AbstractTransferListenerAdapter - Downloading https://repo.maven.apache.org/maven2/org/apache/maven/maven-settings/3.3.3/maven-settings-3.3.3-sources.jar
2016-12-16 15:42:35,671 [Worker-3] INFO  o.e.m.c.i.e.AbstractTransferListenerAdapter - Downloaded https://repo.maven.apache.org/maven2/org/apache/maven/maven-settings/3.3.3/maven-settings-3.3.3-sources.jar
2016-12-16 15:42:36,044 [Worker-3] INFO  o.e.m.c.i.e.AbstractTransferListenerAdapter - Downloading https://repo.maven.apache.org/maven2/org/apache/maven/maven-settings-builder/3.3.3/maven-settings-builder-3.3.3-sources.jar
2016-12-16 15:42:36,518 [Worker-3] INFO  o.e.m.c.i.e.AbstractTransferListenerAdapter - Downloaded https://repo.maven.apache.org/maven2/org/apache/maven/maven-settings-builder/3.3.3/maven-settings-builder-3.3.3-sources.jar
2016-12-16 15:42:36,787 [Worker-3] INFO  o.e.m.c.i.e.AbstractTransferListenerAdapter - Downloading https://repo.maven.apache.org/maven2/org/apache/maven/maven-builder-support/3.3.3/maven-builder-support-3.3.3-sources.jar
2016-12-16 15:42:37,059 [Worker-3] INFO  o.e.m.c.i.e.AbstractTransferListenerAdapter - Downloaded https://repo.maven.apache.org/maven2/org/apache/maven/maven-builder-support/3.3.3/maven-builder-support-3.3.3-sources.jar
2016-12-16 15:42:37,612 [Worker-3] INFO  o.e.m.c.i.e.AbstractTransferListenerAdapter - Downloading https://repo.maven.apache.org/maven2/org/apache/maven/maven-repository-metadata/3.3.3/maven-repository-metadata-3.3.3-sources.jar
2016-12-16 15:42:37,882 [Worker-3] INFO  o.e.m.c.i.e.AbstractTransferListenerAdapter - Downloaded https://repo.maven.apache.org/maven2/org/apache/maven/maven-repository-metadata/3.3.3/maven-repository-metadata-3.3.3-sources.jar
2016-12-16 15:42:38,136 [Worker-3] INFO  o.e.m.c.i.e.AbstractTransferListenerAdapter - Downloading https://repo.maven.apache.org/maven2/org/apache/maven/maven-artifact/3.3.3/maven-artifact-3.3.3-sources.jar
2016-12-16 15:42:38,649 [Worker-3] INFO  o.e.m.c.i.e.AbstractTransferListenerAdapter - Downloaded https://repo.maven.apache.org/maven2/org/apache/maven/maven-artifact/3.3.3/maven-artifact-3.3.3-sources.jar
2016-12-16 15:42:39,001 [Worker-3] INFO  o.e.m.c.i.e.AbstractTransferListenerAdapter - Downloading https://repo.maven.apache.org/maven2/org/apache/maven/maven-plugin-api/3.3.3/maven-plugin-api-3.3.3-sources.jar
2016-12-16 15:42:39,567 [Worker-3] INFO  o.e.m.c.i.e.AbstractTransferListenerAdapter - Downloaded https://repo.maven.apache.org/maven2/org/apache/maven/maven-plugin-api/3.3.3/maven-plugin-api-3.3.3-sources.jar
2016-12-16 15:42:40,097 [Worker-3] INFO  o.e.m.c.i.e.AbstractTransferListenerAdapter - Downloading https://repo.maven.apache.org/maven2/org/apache/maven/maven-model-builder/3.3.3/maven-model-builder-3.3.3-sources.jar
2016-12-16 15:42:40,673 [Worker-3] INFO  o.e.m.c.i.e.AbstractTransferListenerAdapter - Downloaded https://repo.maven.apache.org/maven2/org/apache/maven/maven-model-builder/3.3.3/maven-model-builder-3.3.3-sources.jar
2016-12-16 15:42:41,292 [Worker-3] INFO  o.e.m.c.i.e.AbstractTransferListenerAdapter - Downloading https://repo.maven.apache.org/maven2/org/apache/maven/maven-aether-provider/3.3.3/maven-aether-provider-3.3.3-sources.jar
2016-12-16 15:42:41,852 [Worker-3] INFO  o.e.m.c.i.e.AbstractTransferListenerAdapter - Downloaded https://repo.maven.apache.org/maven2/org/apache/maven/maven-aether-provider/3.3.3/maven-aether-provider-3.3.3-sources.jar
2016-12-16 15:42:42,560 [Worker-3] INFO  o.e.m.c.i.e.AbstractTransferListenerAdapter - Downloading https://repo.maven.apache.org/maven2/org/eclipse/aether/aether-api/1.0.2.v20150114/aether-api-1.0.2.v20150114-sources.jar
2016-12-16 15:42:43,256 [Worker-3] INFO  o.e.m.c.i.e.AbstractTransferListenerAdapter - Downloaded https://repo.maven.apache.org/maven2/org/eclipse/aether/aether-api/1.0.2.v20150114/aether-api-1.0.2.v20150114-sources.jar
2016-12-16 15:42:44,035 [Worker-3] INFO  o.e.m.c.i.e.AbstractTransferListenerAdapter - Downloading https://repo.maven.apache.org/maven2/org/eclipse/aether/aether-util/1.0.2.v20150114/aether-util-1.0.2.v20150114-sources.jar
2016-12-16 15:42:44,756 [Worker-3] INFO  o.e.m.c.i.e.AbstractTransferListenerAdapter - Downloaded https://repo.maven.apache.org/maven2/org/eclipse/aether/aether-util/1.0.2.v20150114/aether-util-1.0.2.v20150114-sources.jar
2016-12-16 15:42:45,577 [Worker-3] INFO  o.e.m.c.i.e.AbstractTransferListenerAdapter - Downloading https://repo.maven.apache.org/maven2/org/codehaus/plexus/plexus-interpolation/1.21/plexus-interpolation-1.21-sources.jar
2016-12-16 15:42:45,913 [Worker-3] INFO  o.e.m.c.i.e.AbstractTransferListenerAdapter - Downloaded https://repo.maven.apache.org/maven2/org/codehaus/plexus/plexus-interpolation/1.21/plexus-interpolation-1.21-sources.jar
2016-12-16 15:42:47,077 [Worker-3] INFO  o.e.m.c.i.e.AbstractTransferListenerAdapter - Downloading https://repo.maven.apache.org/maven2/org/codehaus/plexus/plexus-utils/3.0.20/plexus-utils-3.0.20-sources.jar
2016-12-16 15:42:47,838 [Worker-3] INFO  o.e.m.c.i.e.AbstractTransferListenerAdapter - Downloaded https://repo.maven.apache.org/maven2/org/codehaus/plexus/plexus-utils/3.0.20/plexus-utils-3.0.20-sources.jar
2016-12-16 15:42:48,587 [Worker-3] INFO  o.e.m.c.i.e.AbstractTransferListenerAdapter - Downloading https://repo.maven.apache.org/maven2/org/codehaus/plexus/plexus-component-annotations/1.5.5/plexus-component-annotations-1.5.5-sources.jar
2016-12-16 15:42:48,805 [Worker-3] INFO  o.e.m.c.i.e.AbstractTransferListenerAdapter - Downloaded https://repo.maven.apache.org/maven2/org/codehaus/plexus/plexus-component-annotations/1.5.5/plexus-component-annotations-1.5.5-sources.jar
2016-12-16 15:42:49,394 [Worker-3] INFO  o.e.m.c.i.e.AbstractTransferListenerAdapter - Downloading https://repo.maven.apache.org/maven2/org/sonatype/plexus/plexus-sec-dispatcher/1.3/plexus-sec-dispatcher-1.3-sources.jar
2016-12-16 15:42:50,086 [Worker-3] INFO  o.e.m.c.i.e.AbstractTransferListenerAdapter - Downloaded https://repo.maven.apache.org/maven2/org/sonatype/plexus/plexus-sec-dispatcher/1.3/plexus-sec-dispatcher-1.3-sources.jar
2016-12-16 15:42:50,331 [Worker-3] INFO  o.e.m.c.i.e.AbstractTransferListenerAdapter - Downloading https://repo.maven.apache.org/maven2/org/apache/maven/maven-embedder/3.3.3/maven-embedder-3.3.3-sources.jar
2016-12-16 15:42:50,615 [Worker-3] INFO  o.e.m.c.i.e.AbstractTransferListenerAdapter - Downloaded https://repo.maven.apache.org/maven2/org/apache/maven/maven-embedder/3.3.3/maven-embedder-3.3.3-sources.jar
2016-12-16 15:42:50,880 [Worker-3] INFO  o.e.m.c.i.e.AbstractTransferListenerAdapter - Downloading https://repo.maven.apache.org/maven2/org/sonatype/plexus/plexus-cipher/1.7/plexus-cipher-1.7-sources.jar
2016-12-16 15:42:51,103 [Worker-3] INFO  o.e.m.c.i.e.AbstractTransferListenerAdapter - Downloaded https://repo.maven.apache.org/maven2/org/sonatype/plexus/plexus-cipher/1.7/plexus-cipher-1.7-sources.jar
2016-12-16 15:42:51,656 [Worker-3] INFO  o.e.m.c.i.e.AbstractTransferListenerAdapter - Downloading https://repo.maven.apache.org/maven2/commons-cli/commons-cli/1.2/commons-cli-1.2-sources.jar
2016-12-16 15:42:52,102 [Worker-3] INFO  o.e.m.c.i.e.AbstractTransferListenerAdapter - Downloaded https://repo.maven.apache.org/maven2/commons-cli/commons-cli/1.2/commons-cli-1.2-sources.jar
2016-12-16 15:42:52,563 [Worker-3] INFO  o.e.m.c.i.e.AbstractTransferListenerAdapter - Downloading https://repo.maven.apache.org/maven2/org/apache/maven/maven-compat/3.3.3/maven-compat-3.3.3-sources.jar
2016-12-16 15:42:53,160 [Worker-3] INFO  o.e.m.c.i.e.AbstractTransferListenerAdapter - Downloaded https://repo.maven.apache.org/maven2/org/apache/maven/maven-compat/3.3.3/maven-compat-3.3.3-sources.jar
2016-12-16 15:42:53,861 [Worker-3] INFO  o.e.m.c.i.e.AbstractTransferListenerAdapter - Downloading https://repo.maven.apache.org/maven2/org/apache/maven/wagon/wagon-provider-api/2.9/wagon-provider-api-2.9-sources.jar
2016-12-16 15:42:54,407 [Worker-3] INFO  o.e.m.c.i.e.AbstractTransferListenerAdapter - Downloaded https://repo.maven.apache.org/maven2/org/apache/maven/wagon/wagon-provider-api/2.9/wagon-provider-api-2.9-sources.jar
2016-12-16 15:42:55,507 [Worker-3] INFO  o.e.m.c.i.e.AbstractTransferListenerAdapter - Downloading https://repo.maven.apache.org/maven2/javax/enterprise/cdi-api/1.0/cdi-api-1.0-sources.jar
2016-12-16 15:42:55,887 [Worker-3] INFO  o.e.m.c.i.e.AbstractTransferListenerAdapter - Downloaded https://repo.maven.apache.org/maven2/javax/enterprise/cdi-api/1.0/cdi-api-1.0-sources.jar
2016-12-16 15:42:57,279 [Worker-3] INFO  o.e.m.c.i.e.AbstractTransferListenerAdapter - Downloading https://repo.maven.apache.org/maven2/com/google/guava/guava/18.0/guava-18.0-sources.jar
2016-12-16 15:42:59,322 [Worker-3] INFO  o.e.m.c.i.e.AbstractTransferListenerAdapter - Downloaded https://repo.maven.apache.org/maven2/com/google/guava/guava/18.0/guava-18.0-sources.jar
2016-12-16 15:43:00,298 [Worker-3] INFO  o.e.m.c.i.e.AbstractTransferListenerAdapter - Downloading https://repo.maven.apache.org/maven2/org/eclipse/aether/aether-impl/1.0.2.v20150114/aether-impl-1.0.2.v20150114-sources.jar
2016-12-16 15:43:00,626 [Worker-3] INFO  o.e.m.c.i.e.AbstractTransferListenerAdapter - Downloaded https://repo.maven.apache.org/maven2/org/eclipse/aether/aether-impl/1.0.2.v20150114/aether-impl-1.0.2.v20150114-sources.jar
2016-12-16 15:43:00,934 [Worker-3] INFO  o.e.m.c.i.e.AbstractTransferListenerAdapter - Downloading https://repo.maven.apache.org/maven2/org/eclipse/aether/aether-spi/1.0.2.v20150114/aether-spi-1.0.2.v20150114-sources.jar
2016-12-16 15:43:01,336 [Worker-3] INFO  o.e.m.c.i.e.AbstractTransferListenerAdapter - Downloaded https://repo.maven.apache.org/maven2/org/eclipse/aether/aether-spi/1.0.2.v20150114/aether-spi-1.0.2.v20150114-sources.jar
2016-12-16 15:43:01,632 [Worker-3] INFO  o.e.m.c.i.e.AbstractTransferListenerAdapter - Downloading https://repo.maven.apache.org/maven2/io/takari/aether/aether-connector-okhttp/0.15.0/aether-connector-okhttp-0.15.0-sources.jar
2016-12-16 15:43:01,836 [Worker-3] INFO  o.e.m.c.i.e.AbstractTransferListenerAdapter - Downloaded https://repo.maven.apache.org/maven2/io/takari/aether/aether-connector-okhttp/0.15.0/aether-connector-okhttp-0.15.0-sources.jar
2016-12-16 15:43:02,375 [Worker-3] INFO  o.e.m.c.i.e.AbstractTransferListenerAdapter - Downloading https://repo.maven.apache.org/maven2/com/squareup/okhttp/okhttp/2.3.0/okhttp-2.3.0-sources.jar
2016-12-16 15:43:02,862 [Worker-3] INFO  o.e.m.c.i.e.AbstractTransferListenerAdapter - Downloaded https://repo.maven.apache.org/maven2/com/squareup/okhttp/okhttp/2.3.0/okhttp-2.3.0-sources.jar
2016-12-16 15:43:03,636 [Worker-3] INFO  o.e.m.c.i.e.AbstractTransferListenerAdapter - Downloading https://repo.maven.apache.org/maven2/com/squareup/okio/okio/1.3.0/okio-1.3.0-sources.jar
2016-12-16 15:43:03,841 [Worker-3] INFO  o.e.m.c.i.e.AbstractTransferListenerAdapter - Downloaded https://repo.maven.apache.org/maven2/com/squareup/okio/okio/1.3.0/okio-1.3.0-sources.jar
2016-12-16 15:43:04,794 [Worker-3] INFO  o.e.m.c.i.e.AbstractTransferListenerAdapter - Downloading https://repo.maven.apache.org/maven2/org/eclipse/aether/aether-connector-basic/1.0.2.v20150114/aether-connector-basic-1.0.2.v20150114-sources.jar
2016-12-16 15:43:05,118 [Worker-3] INFO  o.e.m.c.i.e.AbstractTransferListenerAdapter - Downloaded https://repo.maven.apache.org/maven2/org/eclipse/aether/aether-connector-basic/1.0.2.v20150114/aether-connector-basic-1.0.2.v20150114-sources.jar
2016-12-16 15:43:06,347 [Worker-3] INFO  o.e.m.c.i.e.AbstractTransferListenerAdapter - Downloading https://repo.maven.apache.org/maven2/org/eclipse/aether/aether-transport-wagon/1.0.2.v20150114/aether-transport-wagon-1.0.2.v20150114-sources.jar
2016-12-16 15:43:06,644 [Worker-3] INFO  o.e.m.c.i.e.AbstractTransferListenerAdapter - Downloaded https://repo.maven.apache.org/maven2/org/eclipse/aether/aether-transport-wagon/1.0.2.v20150114/aether-transport-wagon-1.0.2.v20150114-sources.jar
2016-12-16 15:43:07,458 [Worker-3] INFO  o.e.m.c.i.e.AbstractTransferListenerAdapter - Downloading https://repo.maven.apache.org/maven2/org/apache/maven/wagon/wagon-file/2.9/wagon-file-2.9-sources.jar
2016-12-16 15:43:07,772 [Worker-3] INFO  o.e.m.c.i.e.AbstractTransferListenerAdapter - Downloaded https://repo.maven.apache.org/maven2/org/apache/maven/wagon/wagon-file/2.9/wagon-file-2.9-sources.jar
2016-12-16 15:43:08,844 [Worker-3] INFO  o.e.m.c.i.e.AbstractTransferListenerAdapter - Downloading https://repo.maven.apache.org/maven2/commons-lang/commons-lang/2.6/commons-lang-2.6-sources.jar
2016-12-16 15:43:09,378 [Worker-3] INFO  o.e.m.c.i.e.AbstractTransferListenerAdapter - Downloaded https://repo.maven.apache.org/maven2/commons-lang/commons-lang/2.6/commons-lang-2.6-sources.jar
2016-12-16 15:43:11,325 [Worker-3] INFO  o.e.m.c.i.e.AbstractTransferListenerAdapter - Downloading https://repo.maven.apache.org/maven2/org/slf4j/slf4j-simple/1.7.5/slf4j-simple-1.7.5-sources.jar
2016-12-16 15:43:12,178 [Worker-3] INFO  o.e.m.c.i.e.AbstractTransferListenerAdapter - Downloaded https://repo.maven.apache.org/maven2/org/slf4j/slf4j-simple/1.7.5/slf4j-simple-1.7.5-sources.jar
2016-12-16 15:45:08,817 [Worker-18] INFO  o.e.m.c.i.embedder.EclipseLogger - Using 'UTF-8' encoding to copy filtered resources.
2016-12-16 15:45:08,817 [Worker-18] INFO  o.e.m.c.i.embedder.EclipseLogger - skip non existing resourceDirectory D:\DockerSamples\sample\src\main\resources
2016-12-16 15:45:08,821 [Worker-18] INFO  o.e.m.c.i.embedder.EclipseLogger - Using 'UTF-8' encoding to copy filtered resources.
2016-12-16 15:45:08,821 [Worker-18] INFO  o.e.m.c.i.embedder.EclipseLogger - skip non existing resourceDirectory D:\DockerSamples\sample\src\test\resources
2016-12-16 15:45:12,870 [Worker-15] INFO  o.e.m.c.i.embedder.EclipseLogger - Using 'UTF-8' encoding to copy filtered resources.
2016-12-16 15:45:12,871 [Worker-15] INFO  o.e.m.c.i.embedder.EclipseLogger - skip non existing resourceDirectory D:\DockerSamples\sample\src\main\resources
2016-12-16 15:45:12,872 [Worker-15] INFO  o.e.m.c.i.embedder.EclipseLogger - Using 'UTF-8' encoding to copy filtered resources.
2016-12-16 15:45:12,872 [Worker-15] INFO  o.e.m.c.i.embedder.EclipseLogger - skip non existing resourceDirectory D:\DockerSamples\sample\src\test\resources
2016-12-16 15:45:18,287 [main] INFO  o.e.m2e.actions.ExecutePomAction - Creating new launch configuration
2016-12-16 15:45:34,250 [Worker-18] INFO  o.e.m.i.launch.MavenLaunchDelegate - D:\DockerSamples\sample
2016-12-16 15:45:34,251 [Worker-18] INFO  o.e.m.i.launch.MavenLaunchDelegate -  mvn  -B clean verify
2016-12-16 15:51:39,640 [Worker-8] INFO  o.e.m.c.i.embedder.EclipseLogger - Using 'UTF-8' encoding to copy filtered resources.
2016-12-16 15:51:39,641 [Worker-8] INFO  o.e.m.c.i.embedder.EclipseLogger - skip non existing resourceDirectory D:\DockerSamples\sample\src\main\resources
2016-12-16 15:51:39,642 [Worker-8] INFO  o.e.m.c.i.embedder.EclipseLogger - Using 'UTF-8' encoding to copy filtered resources.
2016-12-16 15:51:39,642 [Worker-8] INFO  o.e.m.c.i.embedder.EclipseLogger - skip non existing resourceDirectory D:\DockerSamples\sample\src\test\resources
2016-12-16 15:51:47,331 [Worker-11] INFO  o.e.m.i.launch.MavenLaunchDelegate - D:\DockerSamples\sample
2016-12-16 15:51:47,331 [Worker-11] INFO  o.e.m.i.launch.MavenLaunchDelegate -  mvn  -B clean
2016-12-16 15:51:49,905 [Worker-8] INFO  o.e.m.c.i.embedder.EclipseLogger - Using 'UTF-8' encoding to copy filtered resources.
2016-12-16 15:51:49,905 [Worker-8] INFO  o.e.m.c.i.embedder.EclipseLogger - skip non existing resourceDirectory D:\DockerSamples\sample\src\main\resources
2016-12-16 15:51:49,906 [Worker-8] INFO  o.e.m.c.i.embedder.EclipseLogger - Using 'UTF-8' encoding to copy filtered resources.
2016-12-16 15:51:49,906 [Worker-8] INFO  o.e.m.c.i.embedder.EclipseLogger - skip non existing resourceDirectory D:\DockerSamples\sample\src\test\resources
2016-12-16 15:51:55,193 [Worker-23] INFO  o.e.m.i.launch.MavenLaunchDelegate - D:\DockerSamples\sample
2016-12-16 15:51:55,193 [Worker-23] INFO  o.e.m.i.launch.MavenLaunchDelegate -  mvn  -B install
2016-12-16 15:52:05,266 [Worker-8] INFO  o.e.m.c.i.embedder.EclipseLogger - Using 'UTF-8' encoding to copy filtered resources.
2016-12-16 15:52:05,266 [Worker-8] INFO  o.e.m.c.i.embedder.EclipseLogger - skip non existing resourceDirectory D:\DockerSamples\sample\src\main\resources
2016-12-16 15:52:05,267 [Worker-8] INFO  o.e.m.c.i.embedder.EclipseLogger - Using 'UTF-8' encoding to copy filtered resources.
2016-12-16 15:52:05,267 [Worker-8] INFO  o.e.m.c.i.embedder.EclipseLogger - skip non existing resourceDirectory D:\DockerSamples\sample\src\test\resources
2016-12-16 15:52:13,814 [main] INFO  o.e.m2e.actions.ExecutePomAction - Creating new launch configuration
2016-12-16 15:52:27,762 [Worker-19] INFO  o.e.m.i.launch.MavenLaunchDelegate - D:\DockerSamples\sample
2016-12-16 15:52:27,763 [Worker-19] INFO  o.e.m.i.launch.MavenLaunchDelegate -  mvn  -B clean verify
2016-12-16 15:56:49,575 [Worker-22] INFO  o.e.m.i.launch.MavenLaunchDelegate - D:\DockerSamples\sample
2016-12-16 15:56:49,575 [Worker-22] INFO  o.e.m.i.launch.MavenLaunchDelegate -  mvn  -B clean verify
2016-12-16 15:56:50,764 [Worker-21] INFO  o.e.m.c.i.l.LifecycleMappingFactory - Using org.eclipse.m2e.jdt.JarLifecycleMapping lifecycle mapping for MavenProject: com.accenture:sample:0.0.1-SNAPSHOT @ D:\DockerSamples\sample\pom.xml.
2016-12-16 15:56:51,223 [Worker-21] INFO  o.e.m.c.i.embedder.EclipseLogger - Using 'UTF-8' encoding to copy filtered resources.
2016-12-16 15:56:51,224 [Worker-21] INFO  o.e.m.c.i.embedder.EclipseLogger - skip non existing resourceDirectory D:\DockerSamples\sample\src\main\resources
2016-12-16 15:56:51,225 [Worker-21] INFO  o.e.m.c.i.embedder.EclipseLogger - Using 'UTF-8' encoding to copy filtered resources.
2016-12-16 15:56:51,225 [Worker-21] INFO  o.e.m.c.i.embedder.EclipseLogger - skip non existing resourceDirectory D:\DockerSamples\sample\src\test\resources
2016-12-16 15:56:52,714 [Worker-23] INFO  o.e.m.c.i.embedder.EclipseLogger - Using 'UTF-8' encoding to copy filtered resources.
2016-12-16 15:56:52,714 [Worker-23] INFO  o.e.m.c.i.embedder.EclipseLogger - skip non existing resourceDirectory D:\DockerSamples\sample\src\main\resources
2016-12-16 15:56:52,716 [Worker-23] INFO  o.e.m.c.i.embedder.EclipseLogger - Using 'UTF-8' encoding to copy filtered resources.
2016-12-16 15:56:52,716 [Worker-23] INFO  o.e.m.c.i.embedder.EclipseLogger - skip non existing resourceDirectory D:\DockerSamples\sample\src\test\resources
2016-12-16 15:57:06,924 [Worker-22] INFO  o.e.m.c.i.embedder.EclipseLogger - Using 'UTF-8' encoding to copy filtered resources.
2016-12-16 15:57:06,924 [Worker-22] INFO  o.e.m.c.i.embedder.EclipseLogger - skip non existing resourceDirectory D:\DockerSamples\sample\src\main\resources
2016-12-16 15:57:06,925 [Worker-22] INFO  o.e.m.c.i.embedder.EclipseLogger - Using 'UTF-8' encoding to copy filtered resources.
2016-12-16 15:57:06,926 [Worker-22] INFO  o.e.m.c.i.embedder.EclipseLogger - skip non existing resourceDirectory D:\DockerSamples\sample\src\test\resources
2016-12-16 15:57:47,903 [Worker-29] INFO  o.e.m.c.i.embedder.EclipseLogger - Using 'UTF-8' encoding to copy filtered resources.
2016-12-16 15:57:47,903 [Worker-29] INFO  o.e.m.c.i.embedder.EclipseLogger - skip non existing resourceDirectory D:\DockerSamples\sample\src\main\resources
2016-12-16 15:57:47,904 [Worker-29] INFO  o.e.m.c.i.embedder.EclipseLogger - Using 'UTF-8' encoding to copy filtered resources.
2016-12-16 15:57:47,904 [Worker-29] INFO  o.e.m.c.i.embedder.EclipseLogger - skip non existing resourceDirectory D:\DockerSamples\sample\src\test\resources
2016-12-16 15:59:31,958 [Worker-11] INFO  o.e.m.i.launch.MavenLaunchDelegate - D:\DockerSamples\sample
2016-12-16 15:59:31,958 [Worker-11] INFO  o.e.m.i.launch.MavenLaunchDelegate -  mvn  -B clean verify
